  Live-Intro-OpenGL-Prep.cpp
  app.cpp
  draw.cpp
C:\Users\g.martineaux\Documents\C++\GP\OpenGL\Live-Intro-OpenGL-Prep\src\draw.cpp(60,23): warning C4244: 'argument' : conversion de 'int' en 'GLfloat', perte possible de données
C:\Users\g.martineaux\Documents\C++\GP\OpenGL\Live-Intro-OpenGL-Prep\src\draw.cpp(65,21): warning C4244: 'argument' : conversion de 'int' en 'GLfloat', perte possible de données
C:\Users\g.martineaux\Documents\C++\GP\OpenGL\Live-Intro-OpenGL-Prep\src\draw.cpp(70,26): warning C4244: 'argument' : conversion de 'int' en 'GLfloat', perte possible de données
C:\Users\g.martineaux\Documents\C++\GP\OpenGL\Live-Intro-OpenGL-Prep\src\draw.cpp(83,24): warning C4244: 'initialisation' : conversion de 'double' en 'float', perte possible de données
C:\Users\g.martineaux\Documents\C++\GP\OpenGL\Live-Intro-OpenGL-Prep\src\draw.cpp(84,19): warning C4244: 'initialisation' : conversion de 'double' en 'float', perte possible de données
C:\Users\g.martineaux\Documents\C++\GP\OpenGL\Live-Intro-OpenGL-Prep\src\draw.cpp(85,19): warning C4244: 'initialisation' : conversion de 'double' en 'float', perte possible de données
C:\Users\g.martineaux\Documents\C++\GP\OpenGL\Live-Intro-OpenGL-Prep\src\draw.cpp(87,25): warning C4244: 'initialisation' : conversion de 'double' en 'float', perte possible de données
C:\Users\g.martineaux\Documents\C++\GP\OpenGL\Live-Intro-OpenGL-Prep\src\draw.cpp(88,18): warning C4244: 'initialisation' : conversion de 'double' en 'float', perte possible de données
C:\Users\g.martineaux\Documents\C++\GP\OpenGL\Live-Intro-OpenGL-Prep\src\draw.cpp(89,19): warning C4244: 'initialisation' : conversion de 'double' en 'float', perte possible de données
C:\Users\g.martineaux\Documents\C++\GP\OpenGL\Live-Intro-OpenGL-Prep\src\draw.cpp(94,21): warning C4244: 'initialisation' : conversion de 'double' en 'float', perte possible de données
C:\Users\g.martineaux\Documents\C++\GP\OpenGL\Live-Intro-OpenGL-Prep\src\draw.cpp(95,21): warning C4244: 'initialisation' : conversion de 'double' en 'float', perte possible de données
  Génération de code en cours...
Live-Intro-OpenGL-Prep.obj : error LNK2019: symbole externe non résolu __imp__glutInitWindowPosition@8 référencé dans la fonction _main
Live-Intro-OpenGL-Prep.obj : error LNK2019: symbole externe non résolu __imp__glutInitWindowSize@8 référencé dans la fonction _main
Live-Intro-OpenGL-Prep.obj : error LNK2019: symbole externe non résolu __imp__glutInitDisplayMode@4 référencé dans la fonction _main
Live-Intro-OpenGL-Prep.obj : error LNK2019: symbole externe non résolu __imp__glutMainLoop@0 référencé dans la fonction _main
Live-Intro-OpenGL-Prep.obj : error LNK2019: symbole externe non résolu __imp__glutPostRedisplay@0 référencé dans la fonction "void __cdecl update(int)" (?update@@YAXH@Z)
Live-Intro-OpenGL-Prep.obj : error LNK2019: symbole externe non résolu __imp__glutTimerFunc@12 référencé dans la fonction "void __cdecl update(int)" (?update@@YAXH@Z)
Live-Intro-OpenGL-Prep.obj : error LNK2019: symbole externe non résolu __imp__glutKeyboardFunc@4 référencé dans la fonction _main
Live-Intro-OpenGL-Prep.obj : error LNK2019: symbole externe non résolu __imp__glutSpecialFunc@4 référencé dans la fonction _main
Live-Intro-OpenGL-Prep.obj : error LNK2019: symbole externe non résolu __imp__glutDisplayFunc@4 référencé dans la fonction _main
Live-Intro-OpenGL-Prep.obj : error LNK2019: symbole externe non résolu __imp__glutGet@4 référencé dans la fonction "void __cdecl display(void)" (?display@@YAXXZ)
Live-Intro-OpenGL-Prep.obj : error LNK2019: symbole externe non résolu __imp____glutInitWithExit@12 référencé dans la fonction _glutInit_ATEXIT_HACK@8
Live-Intro-OpenGL-Prep.obj : error LNK2019: symbole externe non résolu __imp____glutCreateWindowWithExit@8 référencé dans la fonction _glutCreateWindow_ATEXIT_HACK@4
C:\Users\g.martineaux\Documents\C++\GP\OpenGL\Live-Intro-OpenGL-Prep\\external\lib\freeglutd.lib : warning LNK4272: type d'ordinateur bibliothèque 'x64' en conflit avec le type d'ordinateur cible 'x86'
C:\Users\g.martineaux\Documents\C++\GP\OpenGL\Debug\Live-Intro-OpenGL-Prep.exe : fatal error LNK1120: 12 externes non résolus
